Build started 09.11.2015 15:30:32.
     1>Project "D:\Git_Studio\Repos\DoodleJump\DoodleJump\DoodleJump.vcxproj" on node 2 (Build target(s)).
     1>ClCompile:
         D:\programs\VisualStudio\VC\bin\CL.exe /c /ZI /nologo /W3 /WX- /sdl /Od /Oy- /D WIN32 /D _DEBUG /D _CONSOLE /D _LIB /D _UNICODE /D UNICODE /Gm /EHsc /RTC1 /MDd /GS /fp:precise /Zc:wchar_t /Zc:forScope /Fo"Debug\\" /Fd"Debug\vc120.pdb" /Gd /TP /analyze- /errorReport:prompt main.cpp
         main.cpp
     1>d:\git_studio\repos\doodlejump\doodlejump\main.cpp(28): warning C4215: nonstandard extension used : long float
     1>d:\git_studio\repos\doodlejump\doodlejump\main.cpp(31): warning C4305: 'initializing' : truncation from 'double' to 'irr::f32'
     1>d:\git_studio\repos\doodlejump\doodlejump\main.cpp(75): warning C4305: '=' : truncation from 'double' to 'irr::f32'
     1>d:\git_studio\repos\doodlejump\doodlejump\main.cpp(237): warning C4305: 'argument' : truncation from 'double' to 'irr::f32'
     1>d:\git_studio\repos\doodlejump\doodlejump\main.cpp(297): warning C4305: '-=' : truncation from 'double' to 'irr::f32'
     1>d:\git_studio\repos\doodlejump\doodlejump\main.cpp(298): warning C4244: '=' : conversion from 'const irr::f32' to 'int', possible loss of data
     1>d:\git_studio\repos\doodlejump\doodlejump\main.cpp(317): warning C4305: '=' : truncation from 'double' to 'irr::f32'
     1>d:\git_studio\repos\doodlejump\doodlejump\main.cpp(360): warning C4305: '=' : truncation from 'double' to 'irr::f32'
     1>d:\git_studio\repos\doodlejump\doodlejump\main.cpp(364): warning C4305: '=' : truncation from 'double' to 'irr::f32'
     1>d:\git_studio\repos\doodlejump\doodlejump\main.cpp(369): warning C4305: '=' : truncation from 'double' to 'irr::f32'
     1>d:\git_studio\repos\doodlejump\doodlejump\main.cpp(382): warning C4244: 'initializing' : conversion from 'int' to 'irr::f32', possible loss of data
     1>d:\git_studio\repos\doodlejump\doodlejump\main.cpp(404): warning C4305: 'argument' : truncation from 'double' to 'irr::f32'
     1>d:\git_studio\repos\doodlejump\doodlejump\main.cpp(409): warning C4305: 'argument' : truncation from 'double' to 'irr::f32'
     1>d:\git_studio\repos\doodlejump\doodlejump\main.cpp(426): warning C4244: 'initializing' : conversion from 'const irr::f32' to 'int', possible loss of data
       Link:
         D:\programs\VisualStudio\VC\bin\link.exe /ERRORREPORT:PROMPT /OUT:"D:\Git_Studio\Repos\DoodleJump\Debug\DoodleJump.exe" /INCREMENTAL /NOLOGO kernel32.lib user32.lib gdi32.lib winspool.lib comdlg32.lib advapi32.lib shell32.lib ole32.lib oleaut32.lib uuid.lib odbc32.lib odbccp32.lib /MANIFEST /MANIFESTUAC:"level='asInvoker' uiAccess='false'" /manifest:embed /DEBUG /PDB:"D:\Git_Studio\Repos\DoodleJump\Debug\DoodleJump.pdb" /SUBSYSTEM:CONSOLE /TLBID:1 /DYNAMICBASE /NXCOMPAT /IMPLIB:"D:\Git_Studio\Repos\DoodleJump\Debug\DoodleJump.lib" /MACHINE:X86 Debug\library.obj
         Debug\main.obj
         DoodleJump.vcxproj -> D:\Git_Studio\Repos\DoodleJump\Debug\DoodleJump.exe
     1>Done Building Project "D:\Git_Studio\Repos\DoodleJump\DoodleJump\DoodleJump.vcxproj" (Build target(s)).

Build succeeded.

Time Elapsed 00:00:01.87
