Build started 09.11.2015 23:42:55.
     1>Project "D:\Git_Studio\Repos\DoodleJump\DoodleJump\DoodleJump.vcxproj" on node 2 (Build target(s)).
     1>ClCompile:
         D:\programs\VisualStudio\VC\bin\CL.exe /c /Zi /nologo /W3 /WX- /sdl /O2 /Oi /Oy- /GL /D WIN32 /D NDEBUG /D _CONSOLE /D _LIB /D _UNICODE /D UNICODE /Gm- /EHsc /MD /GS /Gy /fp:precise /Zc:wchar_t /Zc:forScope /Fo"Release\\" /Fd"Release\vc120.pdb" /Gd /TP /analyze- /errorReport:prompt library.cpp main.cpp
         library.cpp
         main.cpp
     1>main.cpp(29): warning C4215: nonstandard extension used : long float
     1>main.cpp(32): warning C4305: 'initializing' : truncation from 'double' to 'irr::f32'
     1>main.cpp(77): warning C4305: '=' : truncation from 'double' to 'irr::f32'
     1>main.cpp(212): warning C4305: 'argument' : truncation from 'double' to 'irr::f32'
     1>main.cpp(237): warning C4305: '-=' : truncation from 'double' to 'irr::f32'
     1>main.cpp(238): warning C4244: '=' : conversion from 'const irr::f32' to 'int', possible loss of data
     1>main.cpp(255): warning C4305: '=' : truncation from 'double' to 'irr::f32'
     1>main.cpp(296): warning C4305: '=' : truncation from 'double' to 'irr::f32'
     1>main.cpp(300): warning C4305: '=' : truncation from 'double' to 'irr::f32'
     1>main.cpp(305): warning C4305: '=' : truncation from 'double' to 'irr::f32'
     1>main.cpp(318): warning C4244: 'initializing' : conversion from 'int' to 'irr::f32', possible loss of data
     1>main.cpp(359): warning C4244: 'argument' : conversion from 'double' to 'irr::f32', possible loss of data
     1>main.cpp(364): warning C4244: 'argument' : conversion from 'double' to 'irr::f32', possible loss of data
     1>main.cpp(383): warning C4244: 'initializing' : conversion from 'const irr::f32' to 'int', possible loss of data
       Link:
         D:\programs\VisualStudio\VC\bin\link.exe /ERRORREPORT:PROMPT /OUT:"D:\Git_Studio\Repos\DoodleJump\Release\DoodleJump.exe" /INCREMENTAL:NO /NOLOGO kernel32.lib user32.lib gdi32.lib winspool.lib comdlg32.lib advapi32.lib shell32.lib ole32.lib oleaut32.lib uuid.lib odbc32.lib odbccp32.lib /MANIFEST /MANIFESTUAC:"level='asInvoker' uiAccess='false'" /manifest:embed /DEBUG /PDB:"D:\Git_Studio\Repos\DoodleJump\Release\DoodleJump.pdb" /SUBSYSTEM:CONSOLE /OPT:REF /OPT:ICF /LTCG /TLBID:1 /DYNAMICBASE /NXCOMPAT /IMPLIB:"D:\Git_Studio\Repos\DoodleJump\Release\DoodleJump.lib" /MACHINE:X86 /SAFESEH Release\library.obj
         Release\main.obj
         Generating code
         Finished generating code
         DoodleJump.vcxproj -> D:\Git_Studio\Repos\DoodleJump\Release\DoodleJump.exe
     1>Done Building Project "D:\Git_Studio\Repos\DoodleJump\DoodleJump\DoodleJump.vcxproj" (Build target(s)).

Build succeeded.

Time Elapsed 00:00:03.55
